<?xml version="1.0" encoding="UTF-8"?>
<!-- Generated by org.testng.reporters.JUnitReportReporter -->
<testsuite hostname="LTIN508663" failures="0" tests="3" name="testRunner.TestRunner" time="108.864" errors="0" timestamp="2024-11-08T09:50:15 IST" skipped="0">
  <testcase classname="testRunner.TestRunner" name="runScenario" time="17.220"/>
  <system-out/>
  <testcase classname="testRunner.TestRunner" name="runScenario" time="77.113"/>
  <system-out/>
  <testcase classname="testRunner.TestRunner" name="runScenario" time="14.531"/>
  <system-out/>
</testsuite> <!-- testRunner.TestRunner -->
