<?xml version="1.0" encoding="UTF-8"?>
<!-- Generated by org.testng.reporters.JUnitReportReporter -->
<testsuite hostname="LTIN508663" failures="0" tests="3" name="testRunner.TestRunner" time="62.150" errors="0" timestamp="2024-11-09T22:03:40 IST" skipped="0">
  <testcase classname="testRunner.TestRunner" name="runScenario" time="14.926"/>
  <system-out/>
  <testcase classname="testRunner.TestRunner" name="runScenario" time="35.575"/>
  <system-out/>
  <testcase classname="testRunner.TestRunner" name="runScenario" time="11.649"/>
  <system-out/>
</testsuite> <!-- testRunner.TestRunner -->
