<?xml version="1.0" encoding="UTF-8"?>
<!-- Generated by org.testng.reporters.JUnitReportReporter -->
<testsuite hostname="LTIN508663" failures="0" tests="3" name="testRunner.TestRunner" time="85.269" errors="0" timestamp="2024-11-08T17:08:17 IST" skipped="0">
  <testcase classname="testRunner.TestRunner" name="runScenario" time="18.965"/>
  <system-out/>
  <testcase classname="testRunner.TestRunner" name="runScenario" time="20.376"/>
  <system-out/>
  <testcase classname="testRunner.TestRunner" name="runScenario" time="45.928"/>
  <system-out/>
</testsuite> <!-- testRunner.TestRunner -->
