<?xml version="1.0" encoding="UTF-8"?>
<!-- Generated by org.testng.reporters.JUnitReportReporter -->
<testsuite hostname="LTIN508663" failures="0" tests="3" name="testRunner.TestRunner" time="90.732" errors="0" timestamp="2024-11-08T17:47:06 IST" skipped="0">
  <testcase classname="testRunner.TestRunner" name="runScenario" time="22.935"/>
  <system-out/>
  <testcase classname="testRunner.TestRunner" name="runScenario" time="48.046"/>
  <system-out/>
  <testcase classname="testRunner.TestRunner" name="runScenario" time="19.751"/>
  <system-out/>
</testsuite> <!-- testRunner.TestRunner -->
