<?xml version="1.0" encoding="UTF-8"?>
<!-- Generated by org.testng.reporters.JUnitReportReporter -->
<testsuite hostname="LTIN508663" failures="0" tests="3" name="testRunner.TestRunner" time="52.284" errors="0" timestamp="2024-11-09T21:17:33 IST" skipped="0">
  <testcase classname="testRunner.TestRunner" name="runScenario" time="12.067"/>
  <system-out/>
  <testcase classname="testRunner.TestRunner" name="runScenario" time="25.364"/>
  <system-out/>
  <testcase classname="testRunner.TestRunner" name="runScenario" time="14.853"/>
  <system-out/>
</testsuite> <!-- testRunner.TestRunner -->
